This file contains any messages produced by compilers while
running configure, to aid debugging if configure makes a mistake.

It was created by clish configure 0.7.3, which was
generated by GNU Autoconf 2.61.  Invocation command line was

  $ ./configure --no-create --no-recursion

## --------- ##
## Platform. ##
## --------- ##

hostname = mohsen-linux
uname -m = x86_64
uname -r = 5.4.0-56-generic
uname -s = Linux
uname -v = #62-Ubuntu SMP Mon Nov 23 19:20:19 UTC 2020

/usr/bin/uname -p = x86_64
/bin/uname -X     = unknown

/bin/arch              = x86_64
/usr/bin/arch -k       = unknown
/usr/convex/getsysinfo = unknown
/usr/bin/hostinfo      = unknown
/bin/machine           = unknown
/usr/bin/oslevel       = unknown
/bin/universe          = unknown

PATH: /usr/local/sbin
PATH: /usr/local/bin
PATH: /usr/sbin
PATH: /usr/bin
PATH: /sbin
PATH: /bin
PATH: /usr/games
PATH: /usr/local/games
PATH: /snap/bin


## ----------- ##
## Core tests. ##
## ----------- ##

configure:2008: checking for a BSD-compatible install
configure:2064: result: /usr/bin/install -c
configure:2075: checking whether build environment is sane
configure:2118: result: yes
configure:2183: checking for gawk
configure:2213: result: no
configure:2183: checking for mawk
configure:2199: found /usr/bin/mawk
configure:2210: result: mawk
configure:2221: checking whether make sets $(MAKE)
configure:2242: result: yes
configure:2438: checking for style of include used by make
configure:2466: result: GNU
configure:2539: checking for gcc
configure:2555: found /usr/bin/gcc
configure:2566: result: gcc
configure:2804: checking for C compiler version
configure:2811: gcc --version >&5
gcc (Ubuntu 9.3.0-17ubuntu1~20.04) 9.3.0
Copyright (C) 2019 Free Software Foundation, Inc.
This is free software; see the source for copying conditions.  There is NO
warranty; not even for MERCHANTABILITY or FITNESS FOR A PARTICULAR PURPOSE.

configure:2814: $? = 0
configure:2821: gcc -v >&5
Using built-in specs.
COLLECT_GCC=gcc
COLLECT_LTO_WRAPPER=/usr/lib/gcc/x86_64-linux-gnu/9/lto-wrapper
OFFLOAD_TARGET_NAMES=nvptx-none:hsa
OFFLOAD_TARGET_DEFAULT=1
Target: x86_64-linux-gnu
Configured with: ../src/configure -v --with-pkgversion='Ubuntu 9.3.0-17ubuntu1~20.04' --with-bugurl=file:///usr/share/doc/gcc-9/README.Bugs --enable-languages=c,ada,c++,go,brig,d,fortran,objc,obj-c++,gm2 --prefix=/usr --with-gcc-major-version-only --program-suffix=-9 --program-prefix=x86_64-linux-gnu- --enable-shared --enable-linker-build-id --libexecdir=/usr/lib --without-included-gettext --enable-threads=posix --libdir=/usr/lib --enable-nls --enable-clocale=gnu --enable-libstdcxx-debug --enable-libstdcxx-time=yes --with-default-libstdcxx-abi=new --enable-gnu-unique-object --disable-vtable-verify --enable-plugin --enable-default-pie --with-system-zlib --with-target-system-zlib=auto --enable-objc-gc=auto --enable-multiarch --disable-werror --with-arch-32=i686 --with-abi=m64 --with-multilib-list=m32,m64,mx32 --enable-multilib --with-tune=generic --enable-offload-targets=nvptx-none=/build/gcc-9-HskZEa/gcc-9-9.3.0/debian/tmp-nvptx/usr,hsa --without-cuda-driver --enable-checking=release --build=x86_64-linux-gnu --host=x86_64-linux-gnu --target=x86_64-linux-gnu
Thread model: posix
gcc version 9.3.0 (Ubuntu 9.3.0-17ubuntu1~20.04) 
configure:2824: $? = 0
configure:2831: gcc -V >&5
gcc: error: unrecognized command line option '-V'
gcc: fatal error: no input files
compilation terminated.
configure:2834: $? = 1
configure:2857: checking for C compiler default output file name
configure:2884: gcc    conftest.c  >&5
configure:2887: $? = 0
configure:2925: result: a.out
configure:2942: checking whether the C compiler works
configure:2952: ./a.out
configure:2955: $? = 0
configure:2972: result: yes
configure:2979: checking whether we are cross compiling
configure:2981: result: no
configure:2984: checking for suffix of executables
configure:2991: gcc -o conftest    conftest.c  >&5
configure:2994: $? = 0
configure:3018: result: 
configure:3024: checking for suffix of object files
configure:3050: gcc -c   conftest.c >&5
configure:3053: $? = 0
configure:3076: result: o
configure:3080: checking whether we are using the GNU C compiler
configure:3109: gcc -c   conftest.c >&5
configure:3115: $? = 0
configure:3132: result: yes
configure:3137: checking whether gcc accepts -g
configure:3167: gcc -c -g  conftest.c >&5
configure:3173: $? = 0
configure:3272: result: yes
configure:3289: checking for gcc option to accept ISO C89
configure:3363: gcc  -c -g -O2  conftest.c >&5
configure:3369: $? = 0
configure:3392: result: none needed
configure:3412: checking dependency style of gcc
configure:3502: result: gcc3
configure:3520: checking whether gcc and cc understand -c and -o together
configure:3555: gcc -c conftest.c -o conftest2.o >&5
configure:3558: $? = 0
configure:3564: gcc -c conftest.c -o conftest2.o >&5
configure:3567: $? = 0
configure:3578: cc -c conftest.c >&5
configure:3581: $? = 0
configure:3589: cc -c conftest.c -o conftest2.o >&5
configure:3592: $? = 0
configure:3598: cc -c conftest.c -o conftest2.o >&5
configure:3601: $? = 0
configure:3619: result: yes
configure:3694: checking for gcc
configure:3721: result: gcc
configure:3959: checking for C compiler version
configure:3966: gcc --version >&5
gcc (Ubuntu 9.3.0-17ubuntu1~20.04) 9.3.0
Copyright (C) 2019 Free Software Foundation, Inc.
This is free software; see the source for copying conditions.  There is NO
warranty; not even for MERCHANTABILITY or FITNESS FOR A PARTICULAR PURPOSE.

configure:3969: $? = 0
configure:3976: gcc -v >&5
Using built-in specs.
COLLECT_GCC=gcc
COLLECT_LTO_WRAPPER=/usr/lib/gcc/x86_64-linux-gnu/9/lto-wrapper
OFFLOAD_TARGET_NAMES=nvptx-none:hsa
OFFLOAD_TARGET_DEFAULT=1
Target: x86_64-linux-gnu
Configured with: ../src/configure -v --with-pkgversion='Ubuntu 9.3.0-17ubuntu1~20.04' --with-bugurl=file:///usr/share/doc/gcc-9/README.Bugs --enable-languages=c,ada,c++,go,brig,d,fortran,objc,obj-c++,gm2 --prefix=/usr --with-gcc-major-version-only --program-suffix=-9 --program-prefix=x86_64-linux-gnu- --enable-shared --enable-linker-build-id --libexecdir=/usr/lib --without-included-gettext --enable-threads=posix --libdir=/usr/lib --enable-nls --enable-clocale=gnu --enable-libstdcxx-debug --enable-libstdcxx-time=yes --with-default-libstdcxx-abi=new --enable-gnu-unique-object --disable-vtable-verify --enable-plugin --enable-default-pie --with-system-zlib --with-target-system-zlib=auto --enable-objc-gc=auto --enable-multiarch --disable-werror --with-arch-32=i686 --with-abi=m64 --with-multilib-list=m32,m64,mx32 --enable-multilib --with-tune=generic --enable-offload-targets=nvptx-none=/build/gcc-9-HskZEa/gcc-9-9.3.0/debian/tmp-nvptx/usr,hsa --without-cuda-driver --enable-checking=release --build=x86_64-linux-gnu --host=x86_64-linux-gnu --target=x86_64-linux-gnu
Thread model: posix
gcc version 9.3.0 (Ubuntu 9.3.0-17ubuntu1~20.04) 
configure:3979: $? = 0
configure:3986: gcc -V >&5
gcc: error: unrecognized command line option '-V'
gcc: fatal error: no input files
compilation terminated.
configure:3989: $? = 1
configure:3992: checking whether we are using the GNU C compiler
configure:4044: result: yes
configure:4049: checking whether gcc accepts -g
configure:4184: result: yes
configure:4201: checking for gcc option to accept ISO C89
configure:4304: result: none needed
configure:4324: checking dependency style of gcc
configure:4414: result: gcc3
configure:4489: checking for g++
configure:4505: found /usr/bin/g++
configure:4516: result: g++
configure:4547: checking for C++ compiler version
configure:4554: g++ --version >&5
g++ (Ubuntu 9.3.0-17ubuntu1~20.04) 9.3.0
Copyright (C) 2019 Free Software Foundation, Inc.
This is free software; see the source for copying conditions.  There is NO
warranty; not even for MERCHANTABILITY or FITNESS FOR A PARTICULAR PURPOSE.

configure:4557: $? = 0
configure:4564: g++ -v >&5
Using built-in specs.
COLLECT_GCC=g++
COLLECT_LTO_WRAPPER=/usr/lib/gcc/x86_64-linux-gnu/9/lto-wrapper
OFFLOAD_TARGET_NAMES=nvptx-none:hsa
OFFLOAD_TARGET_DEFAULT=1
Target: x86_64-linux-gnu
Configured with: ../src/configure -v --with-pkgversion='Ubuntu 9.3.0-17ubuntu1~20.04' --with-bugurl=file:///usr/share/doc/gcc-9/README.Bugs --enable-languages=c,ada,c++,go,brig,d,fortran,objc,obj-c++,gm2 --prefix=/usr --with-gcc-major-version-only --program-suffix=-9 --program-prefix=x86_64-linux-gnu- --enable-shared --enable-linker-build-id --libexecdir=/usr/lib --without-included-gettext --enable-threads=posix --libdir=/usr/lib --enable-nls --enable-clocale=gnu --enable-libstdcxx-debug --enable-libstdcxx-time=yes --with-default-libstdcxx-abi=new --enable-gnu-unique-object --disable-vtable-verify --enable-plugin --enable-default-pie --with-system-zlib --with-target-system-zlib=auto --enable-objc-gc=auto --enable-multiarch --disable-werror --with-arch-32=i686 --with-abi=m64 --with-multilib-list=m32,m64,mx32 --enable-multilib --with-tune=generic --enable-offload-targets=nvptx-none=/build/gcc-9-HskZEa/gcc-9-9.3.0/debian/tmp-nvptx/usr,hsa --without-cuda-driver --enable-checking=release --build=x86_64-linux-gnu --host=x86_64-linux-gnu --target=x86_64-linux-gnu
Thread model: posix
gcc version 9.3.0 (Ubuntu 9.3.0-17ubuntu1~20.04) 
configure:4567: $? = 0
configure:4574: g++ -V >&5
g++: error: unrecognized command line option '-V'
g++: fatal error: no input files
compilation terminated.
configure:4577: $? = 1
configure:4580: checking whether we are using the GNU C++ compiler
configure:4609: g++ -c   conftest.cpp >&5
configure:4615: $? = 0
configure:4632: result: yes
configure:4637: checking whether g++ accepts -g
configure:4667: g++ -c -g  conftest.cpp >&5
configure:4673: $? = 0
configure:4772: result: yes
configure:4797: checking dependency style of g++
configure:4887: result: gcc3
configure:4984: checking build system type
configure:5002: result: x86_64-unknown-linux-gnu
configure:5024: checking host system type
configure:5039: result: x86_64-unknown-linux-gnu
configure:5061: checking for a sed that does not truncate output
configure:5117: result: /usr/bin/sed
configure:5120: checking for grep that handles long lines and -e
configure:5194: result: /usr/bin/grep
configure:5199: checking for egrep
configure:5277: result: /usr/bin/grep -E
configure:5293: checking for ld used by gcc
configure:5360: result: /usr/bin/ld
configure:5369: checking if the linker (/usr/bin/ld) is GNU ld
configure:5384: result: yes
configure:5389: checking for /usr/bin/ld option to reload object files
configure:5396: result: -r
configure:5414: checking for BSD-compatible nm
configure:5463: result: /usr/bin/nm -B
configure:5467: checking whether ln -s works
configure:5471: result: yes
configure:5478: checking how to recognize dependent libraries
configure:5664: result: pass_all
configure:5753: gcc -c -g -O2  conftest.c >&5
configure:5756: $? = 0
configure:6199: checking how to run the C preprocessor
configure:6239: gcc -E  conftest.c
configure:6245: $? = 0
configure:6276: gcc -E  conftest.c
conftest.c:10:10: fatal error: ac_nonexistent.h: No such file or directory
   10 | #include <ac_nonexistent.h>
      |          ^~~~~~~~~~~~~~~~~~
compilation terminated.
configure:6282: $? = 1
configure: failed program was:
| /* confdefs.h.  */
| #define PACKAGE_NAME "clish"
| #define PACKAGE_TARNAME "clish"
| #define PACKAGE_VERSION "0.7.3"
| #define PACKAGE_STRING "clish 0.7.3"
| #define PACKAGE_BUGREPORT "gmckerrell at users dot sourceforge dot net"
| #define PACKAGE "clish"
| #define VERSION "0.7.3"
| /* end confdefs.h.  */
| #include <ac_nonexistent.h>
configure:6315: result: gcc -E
configure:6344: gcc -E  conftest.c
configure:6350: $? = 0
configure:6381: gcc -E  conftest.c
conftest.c:10:10: fatal error: ac_nonexistent.h: No such file or directory
   10 | #include <ac_nonexistent.h>
      |          ^~~~~~~~~~~~~~~~~~
compilation terminated.
configure:6387: $? = 1
configure: failed program was:
| /* confdefs.h.  */
| #define PACKAGE_NAME "clish"
| #define PACKAGE_TARNAME "clish"
| #define PACKAGE_VERSION "0.7.3"
| #define PACKAGE_STRING "clish 0.7.3"
| #define PACKAGE_BUGREPORT "gmckerrell at users dot sourceforge dot net"
| #define PACKAGE "clish"
| #define VERSION "0.7.3"
| /* end confdefs.h.  */
| #include <ac_nonexistent.h>
configure:6425: checking for ANSI C header files
configure:6455: gcc -c -g -O2  conftest.c >&5
configure:6461: $? = 0
configure:6560: gcc -o conftest -g -O2   conftest.c  >&5
configure:6563: $? = 0
configure:6569: ./conftest
configure:6572: $? = 0
configure:6589: result: yes
configure:6613: checking for sys/types.h
configure:6634: gcc -c -g -O2  conftest.c >&5
configure:6640: $? = 0
configure:6656: result: yes
configure:6613: checking for sys/stat.h
configure:6634: gcc -c -g -O2  conftest.c >&5
configure:6640: $? = 0
configure:6656: result: yes
configure:6613: checking for stdlib.h
configure:6634: gcc -c -g -O2  conftest.c >&5
configure:6640: $? = 0
configure:6656: result: yes
configure:6613: checking for string.h
configure:6634: gcc -c -g -O2  conftest.c >&5
configure:6640: $? = 0
configure:6656: result: yes
configure:6613: checking for memory.h
configure:6634: gcc -c -g -O2  conftest.c >&5
configure:6640: $? = 0
configure:6656: result: yes
configure:6613: checking for strings.h
configure:6634: gcc -c -g -O2  conftest.c >&5
configure:6640: $? = 0
configure:6656: result: yes
configure:6613: checking for inttypes.h
configure:6634: gcc -c -g -O2  conftest.c >&5
configure:6640: $? = 0
configure:6656: result: yes
configure:6613: checking for stdint.h
configure:6634: gcc -c -g -O2  conftest.c >&5
configure:6640: $? = 0
configure:6656: result: yes
configure:6613: checking for unistd.h
configure:6634: gcc -c -g -O2  conftest.c >&5
configure:6640: $? = 0
configure:6656: result: yes
configure:6683: checking dlfcn.h usability
configure:6700: gcc -c -g -O2  conftest.c >&5
configure:6706: $? = 0
configure:6720: result: yes
configure:6724: checking dlfcn.h presence
configure:6739: gcc -E  conftest.c
configure:6745: $? = 0
configure:6759: result: yes
configure:6792: checking for dlfcn.h
configure:6800: result: yes
configure:6823: checking how to run the C++ preprocessor
configure:6859: g++ -E  conftest.cpp
configure:6865: $? = 0
configure:6896: g++ -E  conftest.cpp
conftest.cpp:21:10: fatal error: ac_nonexistent.h: No such file or directory
   21 | #include <ac_nonexistent.h>
      |          ^~~~~~~~~~~~~~~~~~
compilation terminated.
configure:6902: $? = 1
configure: failed program was:
| /* confdefs.h.  */
| #define PACKAGE_NAME "clish"
| #define PACKAGE_TARNAME "clish"
| #define PACKAGE_VERSION "0.7.3"
| #define PACKAGE_STRING "clish 0.7.3"
| #define PACKAGE_BUGREPORT "gmckerrell at users dot sourceforge dot net"
| #define PACKAGE "clish"
| #define VERSION "0.7.3"
| #define STDC_HEADERS 1
| #define HAVE_SYS_TYPES_H 1
| #define HAVE_SYS_STAT_H 1
| #define HAVE_STDLIB_H 1
| #define HAVE_STRING_H 1
| #define HAVE_MEMORY_H 1
| #define HAVE_STRINGS_H 1
| #define HAVE_INTTYPES_H 1
| #define HAVE_STDINT_H 1
| #define HAVE_UNISTD_H 1
| #define HAVE_DLFCN_H 1
| /* end confdefs.h.  */
| #include <ac_nonexistent.h>
configure:6935: result: g++ -E
configure:6964: g++ -E  conftest.cpp
configure:6970: $? = 0
configure:7001: g++ -E  conftest.cpp
conftest.cpp:21:10: fatal error: ac_nonexistent.h: No such file or directory
   21 | #include <ac_nonexistent.h>
      |          ^~~~~~~~~~~~~~~~~~
compilation terminated.
configure:7007: $? = 1
configure: failed program was:
| /* confdefs.h.  */
| #define PACKAGE_NAME "clish"
| #define PACKAGE_TARNAME "clish"
| #define PACKAGE_VERSION "0.7.3"
| #define PACKAGE_STRING "clish 0.7.3"
| #define PACKAGE_BUGREPORT "gmckerrell at users dot sourceforge dot net"
| #define PACKAGE "clish"
| #define VERSION "0.7.3"
| #define STDC_HEADERS 1
| #define HAVE_SYS_TYPES_H 1
| #define HAVE_SYS_STAT_H 1
| #define HAVE_STDLIB_H 1
| #define HAVE_STRING_H 1
| #define HAVE_MEMORY_H 1
| #define HAVE_STRINGS_H 1
| #define HAVE_INTTYPES_H 1
| #define HAVE_STDINT_H 1
| #define HAVE_UNISTD_H 1
| #define HAVE_DLFCN_H 1
| /* end confdefs.h.  */
| #include <ac_nonexistent.h>
configure:7100: checking for g77
configure:7130: result: no
configure:7100: checking for xlf
configure:7130: result: no
configure:7100: checking for f77
configure:7130: result: no
configure:7100: checking for frt
configure:7130: result: no
configure:7100: checking for pgf77
configure:7130: result: no
configure:7100: checking for cf77
configure:7130: result: no
configure:7100: checking for fort77
configure:7130: result: no
configure:7100: checking for fl32
configure:7130: result: no
configure:7100: checking for af77
configure:7130: result: no
configure:7100: checking for xlf90
configure:7130: result: no
configure:7100: checking for f90
configure:7130: result: no
configure:7100: checking for pgf90
configure:7130: result: no
configure:7100: checking for pghpf
configure:7130: result: no
configure:7100: checking for epcf90
configure:7130: result: no
configure:7100: checking for gfortran
configure:7130: result: no
configure:7100: checking for g95
configure:7130: result: no
configure:7100: checking for xlf95
configure:7130: result: no
configure:7100: checking for f95
configure:7130: result: no
configure:7100: checking for fort
configure:7130: result: no
configure:7100: checking for ifort
configure:7130: result: no
configure:7100: checking for ifc
configure:7130: result: no
configure:7100: checking for efc
configure:7130: result: no
configure:7100: checking for pgf95
configure:7130: result: no
configure:7100: checking for lf95
configure:7130: result: no
configure:7100: checking for ftn
configure:7130: result: no
configure:7157: checking for Fortran 77 compiler version
configure:7164:  --version >&5
./configure: line 7165: --version: command not found
configure:7167: $? = 127
configure:7174:  -v >&5
./configure: line 7175: -v: command not found
configure:7177: $? = 127
configure:7184:  -V >&5
./configure: line 7185: -V: command not found
configure:7187: $? = 127
configure:7195: checking whether we are using the GNU Fortran 77 compiler
configure:7214:  -c  conftest.F >&5
./configure: line 7215: -c: command not found
configure:7220: $? = 127
configure: failed program was:
|       program main
| #ifndef __GNUC__
|        choke me
| #endif
| 
|       end
configure:7237: result: no
configure:7243: checking whether  accepts -g
configure:7260:  -c -g conftest.f >&5
./configure: line 7261: -c: command not found
configure:7266: $? = 127
configure: failed program was:
|       program main
| 
|       end
configure:7282: result: no
configure:7311: checking the maximum length of command line arguments
configure:7423: result: 1572864
configure:7435: checking command to parse /usr/bin/nm -B output from gcc object
configure:7540: gcc -c -g -O2  conftest.c >&5
configure:7543: $? = 0
configure:7547: /usr/bin/nm -B conftest.o \| sed -n -e 's/^.*[ 	]\([ABCDGIRSTW][ABCDGIRSTW]*\)[ 	][ 	]*\([_A-Za-z][_A-Za-z0-9]*\)$/\1 \2 \2/p' \> conftest.nm
configure:7550: $? = 0
configure:7602: gcc -o conftest -g -O2   conftest.c conftstm.o >&5
configure:7605: $? = 0
configure:7643: result: ok
configure:7647: checking for objdir
configure:7662: result: .libs
configure:7754: checking for ar
configure:7770: found /usr/bin/ar
configure:7781: result: ar
configure:7850: checking for ranlib
configure:7866: found /usr/bin/ranlib
configure:7877: result: ranlib
configure:7946: checking for strip
configure:7962: found /usr/bin/strip
configure:7973: result: strip
configure:8571: checking if gcc supports -fno-rtti -fno-exceptions
configure:8594: gcc -c -g -O2  -fno-rtti -fno-exceptions conftest.c >&5
cc1: warning: command line option '-fno-rtti' is valid for C++/D/ObjC++ but not for C
configure:8598: $? = 0
configure:8606: result: no
configure:8596: checking for gcc option to produce PIC
configure:8828: result: -fPIC
configure:8836: checking if gcc PIC flag -fPIC works
configure:8884: gcc -c -g -O2  -fPIC -DPIC conftest.c >&5
configure:8888: $? = 0
configure:8871: result: yes
configure:8870: checking if gcc static flag -static works
configure:8898: result: yes
configure:8908: checking if gcc supports -c -o file.o
configure:8988: gcc -c -g -O2  -o out/conftest2.o conftest.c >&5
configure:8992: $? = 0
configure:8931: result: yes
configure:8957: checking whether the gcc linker (/usr/bin/ld -m elf_x86_64) supports shared libraries
configure:9919: result: yes
configure:9940: checking whether -lc should be explicitly linked in
configure:9945: gcc -c -g -O2  conftest.c >&5
configure:9948: $? = 0
configure:9963: gcc -shared conftest.o  -v -Wl,-soname -Wl,conftest -o conftest 2\>\&1 \| grep  -lc  \>/dev/null 2\>\&1
configure:9966: $? = 0
configure:9978: result: no
configure:9986: checking dynamic linker characteristics
configure:10588: result: GNU/Linux ld.so
configure:10604: checking how to hardcode library paths into programs
configure:10629: result: immediate
configure:10643: checking whether stripping libraries is possible
configure:10648: result: yes
configure:11450: checking if libtool supports shared libraries
configure:11452: result: yes
configure:11455: checking whether to build shared libraries
configure:11476: result: yes
configure:11479: checking whether to build static libraries
configure:11483: result: yes
configure:11577: creating libtool
configure:12170: checking for ld used by g++
configure:12237: result: /usr/bin/ld -m elf_x86_64
configure:12246: checking if the linker (/usr/bin/ld -m elf_x86_64) is GNU ld
configure:12261: result: yes
configure:12312: checking whether the g++ linker (/usr/bin/ld -m elf_x86_64) supports shared libraries
configure:13258: result: yes
configure:13275: g++ -c -g -O2  conftest.cpp >&5
configure:13278: $? = 0
configure:13434: checking for g++ option to produce PIC
configure:13718: result: -fPIC
configure:13726: checking if g++ PIC flag -fPIC works
configure:13827: g++ -c -g -O2  -fPIC -DPIC conftest.cpp >&5
configure:13831: $? = 0
configure:13761: result: yes
configure:13789: checking if g++ static flag -static works
configure:13817: result: yes
configure:13827: checking if g++ supports -c -o file.o
configure:13931: g++ -c -g -O2  -o out/conftest2.o conftest.cpp >&5
configure:13935: $? = 0
configure:13874: result: yes
configure:13900: checking whether the g++ linker (/usr/bin/ld -m elf_x86_64) supports shared libraries
configure:13926: result: yes
configure:13993: checking dynamic linker characteristics
configure:14543: result: GNU/Linux ld.so
configure:14559: checking how to hardcode library paths into programs
configure:14584: result: immediate
configure:20755: checking for int
configure:20785: gcc -c -g -O2  conftest.c >&5
configure:20791: $? = 0
configure:20806: result: yes
configure:20813: checking size of int
configure:21115: gcc -o conftest -g -O2   conftest.c  >&5
configure:21118: $? = 0
configure:21124: ./conftest
configure:21127: $? = 0
configure:21150: result: 4
configure:21160: checking for long
configure:21190: gcc -c -g -O2  conftest.c >&5
configure:21196: $? = 0
configure:21211: result: yes
configure:21218: checking size of long
configure:21520: gcc -o conftest -g -O2   conftest.c  >&5
configure:21523: $? = 0
configure:21529: ./conftest
configure:21532: $? = 0
configure:21555: result: 8
configure:21565: checking for size_t
configure:21595: gcc -c -g -O2  conftest.c >&5
configure:21601: $? = 0
configure:21616: result: yes
configure:21623: checking size of size_t
configure:21925: gcc -o conftest -g -O2   conftest.c  >&5
configure:21928: $? = 0
configure:21934: ./conftest
configure:21937: $? = 0
configure:21960: result: 8
configure:22072: checking pthread.h usability
configure:22089: gcc -c -g -O2  conftest.c >&5
configure:22095: $? = 0
configure:22109: result: yes
configure:22113: checking pthread.h presence
configure:22128: gcc -E  conftest.c
configure:22134: $? = 0
configure:22148: result: yes
configure:22181: checking for pthread.h
configure:22189: result: yes
configure:22197: checking for pthread_create in -lpthread
configure:22232: gcc -o conftest -g -O2   conftest.c -lpthread   >&5
configure:22238: $? = 0
configure:22256: result: yes
configure:22297: checking for clock_gettime in -lrt
configure:22332: gcc -o conftest -g -O2   conftest.c -lrt   >&5
configure:22338: $? = 0
configure:22356: result: yes
configure:22672: WARNING: Linking with GPL licence libraries
configure:22689: checking bfd.h usability
configure:22706: gcc -c -g -O2  conftest.c >&5
conftest.c:60:10: fatal error: bfd.h: No such file or directory
   60 | #include <bfd.h>
      |          ^~~~~~~
compilation terminated.
configure:22712: $? = 1
configure: failed program was:
| /* confdefs.h.  */
| #define PACKAGE_NAME "clish"
| #define PACKAGE_TARNAME "clish"
| #define PACKAGE_VERSION "0.7.3"
| #define PACKAGE_STRING "clish 0.7.3"
| #define PACKAGE_BUGREPORT "gmckerrell at users dot sourceforge dot net"
| #define PACKAGE "clish"
| #define VERSION "0.7.3"
| #define STDC_HEADERS 1
| #define HAVE_SYS_TYPES_H 1
| #define HAVE_SYS_STAT_H 1
| #define HAVE_STDLIB_H 1
| #define HAVE_STRING_H 1
| #define HAVE_MEMORY_H 1
| #define HAVE_STRINGS_H 1
| #define HAVE_INTTYPES_H 1
| #define HAVE_STDINT_H 1
| #define HAVE_UNISTD_H 1
| #define HAVE_DLFCN_H 1
| #define SIZEOF_INT 4
| #define SIZEOF_LONG 8
| #define SIZEOF_SIZE_T 8
| #define HAVE_PTHREAD_H 1
| #define HAVE_LIBPTHREAD
| #define HAVE_LIBRT
| /* end confdefs.h.  */
| #include <stdio.h>
| #ifdef HAVE_SYS_TYPES_H
| # include <sys/types.h>
| #endif
| #ifdef HAVE_SYS_STAT_H
| # include <sys/stat.h>
| #endif
| #ifdef STDC_HEADERS
| # include <stdlib.h>
| # include <stddef.h>
| #else
| # ifdef HAVE_STDLIB_H
| #  include <stdlib.h>
| # endif
| #endif
| #ifdef HAVE_STRING_H
| # if !defined STDC_HEADERS && defined HAVE_MEMORY_H
| #  include <memory.h>
| # endif
| # include <string.h>
| #endif
| #ifdef HAVE_STRINGS_H
| # include <strings.h>
| #endif
| #ifdef HAVE_INTTYPES_H
| # include <inttypes.h>
| #endif
| #ifdef HAVE_STDINT_H
| # include <stdint.h>
| #endif
| #ifdef HAVE_UNISTD_H
| # include <unistd.h>
| #endif
| #include <bfd.h>
configure:22726: result: no
configure:22730: checking bfd.h presence
configure:22745: gcc -E  conftest.c
conftest.c:27:10: fatal error: bfd.h: No such file or directory
   27 | #include <bfd.h>
      |          ^~~~~~~
compilation terminated.
configure:22751: $? = 1
configure: failed program was:
| /* confdefs.h.  */
| #define PACKAGE_NAME "clish"
| #define PACKAGE_TARNAME "clish"
| #define PACKAGE_VERSION "0.7.3"
| #define PACKAGE_STRING "clish 0.7.3"
| #define PACKAGE_BUGREPORT "gmckerrell at users dot sourceforge dot net"
| #define PACKAGE "clish"
| #define VERSION "0.7.3"
| #define STDC_HEADERS 1
| #define HAVE_SYS_TYPES_H 1
| #define HAVE_SYS_STAT_H 1
| #define HAVE_STDLIB_H 1
| #define HAVE_STRING_H 1
| #define HAVE_MEMORY_H 1
| #define HAVE_STRINGS_H 1
| #define HAVE_INTTYPES_H 1
| #define HAVE_STDINT_H 1
| #define HAVE_UNISTD_H 1
| #define HAVE_DLFCN_H 1
| #define SIZEOF_INT 4
| #define SIZEOF_LONG 8
| #define SIZEOF_SIZE_T 8
| #define HAVE_PTHREAD_H 1
| #define HAVE_LIBPTHREAD
| #define HAVE_LIBRT
| /* end confdefs.h.  */
| #include <bfd.h>
configure:22765: result: no
configure:22798: checking for bfd.h
configure:22806: result: no
configure:23103: creating ./config.status

## ---------------- ##
## Cache variables. ##
## ---------------- ##

ac_cv_build=x86_64-unknown-linux-gnu
ac_cv_c_compiler_gnu=yes
ac_cv_cxx_compiler_gnu=yes
ac_cv_env_CCC_set=
ac_cv_env_CCC_value=
ac_cv_env_CC_set=
ac_cv_env_CC_value=
ac_cv_env_CFLAGS_set=
ac_cv_env_CFLAGS_value=
ac_cv_env_CPPFLAGS_set=
ac_cv_env_CPPFLAGS_value=
ac_cv_env_CPP_set=
ac_cv_env_CPP_value=
ac_cv_env_CXXCPP_set=
ac_cv_env_CXXCPP_value=
ac_cv_env_CXXFLAGS_set=
ac_cv_env_CXXFLAGS_value=
ac_cv_env_CXX_set=
ac_cv_env_CXX_value=
ac_cv_env_F77_set=
ac_cv_env_F77_value=
ac_cv_env_FFLAGS_set=
ac_cv_env_FFLAGS_value=
ac_cv_env_LDFLAGS_set=
ac_cv_env_LDFLAGS_value=
ac_cv_env_LIBS_set=
ac_cv_env_LIBS_value=
ac_cv_env_build_alias_set=
ac_cv_env_build_alias_value=
ac_cv_env_host_alias_set=
ac_cv_env_host_alias_value=
ac_cv_env_target_alias_set=
ac_cv_env_target_alias_value=
ac_cv_f77_compiler_gnu=no
ac_cv_header_bfd_h=no
ac_cv_header_dlfcn_h=yes
ac_cv_header_inttypes_h=yes
ac_cv_header_memory_h=yes
ac_cv_header_pthread_h=yes
ac_cv_header_stdc=yes
ac_cv_header_stdint_h=yes
ac_cv_header_stdlib_h=yes
ac_cv_header_string_h=yes
ac_cv_header_strings_h=yes
ac_cv_header_sys_stat_h=yes
ac_cv_header_sys_types_h=yes
ac_cv_header_unistd_h=yes
ac_cv_host=x86_64-unknown-linux-gnu
ac_cv_lib_pthread_pthread_create=yes
ac_cv_lib_rt_clock_gettime=yes
ac_cv_objext=o
ac_cv_path_EGREP='/usr/bin/grep -E'
ac_cv_path_GREP=/usr/bin/grep
ac_cv_path_install='/usr/bin/install -c'
ac_cv_prog_AWK=mawk
ac_cv_prog_CPP='gcc -E'
ac_cv_prog_CXXCPP='g++ -E'
ac_cv_prog_ac_ct_AR=ar
ac_cv_prog_ac_ct_CC=gcc
ac_cv_prog_ac_ct_CXX=g++
ac_cv_prog_ac_ct_RANLIB=ranlib
ac_cv_prog_ac_ct_STRIP=strip
ac_cv_prog_cc_c89=
ac_cv_prog_cc_g=yes
ac_cv_prog_cc_gcc_c_o=yes
ac_cv_prog_cxx_g=yes
ac_cv_prog_f77_g=no
ac_cv_prog_make_make_set=yes
ac_cv_sizeof_int=4
ac_cv_sizeof_long=8
ac_cv_sizeof_size_t=8
ac_cv_type_int=yes
ac_cv_type_long=yes
ac_cv_type_size_t=yes
am_cv_CC_dependencies_compiler_type=gcc3
am_cv_CXX_dependencies_compiler_type=gcc3
lt_cv_deplibs_check_method=pass_all
lt_cv_file_magic_cmd='$MAGIC_CMD'
lt_cv_file_magic_test_file=
lt_cv_ld_reload_flag=-r
lt_cv_objdir=.libs
lt_cv_path_LD=/usr/bin/ld
lt_cv_path_LDCXX='/usr/bin/ld -m elf_x86_64'
lt_cv_path_NM='/usr/bin/nm -B'
lt_cv_path_SED=/usr/bin/sed
lt_cv_prog_compiler_c_o=yes
lt_cv_prog_compiler_c_o_CXX=yes
lt_cv_prog_compiler_pic_works=yes
lt_cv_prog_compiler_pic_works_CXX=yes
lt_cv_prog_compiler_rtti_exceptions=no
lt_cv_prog_compiler_static_works=yes
lt_cv_prog_compiler_static_works_CXX=yes
lt_cv_prog_gnu_ld=yes
lt_cv_prog_gnu_ldcxx=yes
lt_cv_sys_global_symbol_pipe='sed -n -e '\''s/^.*[ 	]\([ABCDGIRSTW][ABCDGIRSTW]*\)[ 	][ 	]*\([_A-Za-z][_A-Za-z0-9]*\)$/\1 \2 \2/p'\'''
lt_cv_sys_global_symbol_to_c_name_address='sed -n -e '\''s/^: \([^ ]*\) $/  {\"\1\", (lt_ptr) 0},/p'\'' -e '\''s/^[BCDEGRST] \([^ ]*\) \([^ ]*\)$/  {"\2", (lt_ptr) \&\2},/p'\'''
lt_cv_sys_global_symbol_to_cdecl='sed -n -e '\''s/^. .* \(.*\)$/extern int \1;/p'\'''
lt_cv_sys_max_cmd_len=1572864
lt_lt_cv_prog_compiler_c_o='"yes"'
lt_lt_cv_prog_compiler_c_o_CXX='"yes"'
lt_lt_cv_sys_global_symbol_pipe='"sed -n -e '\''s/^.*[ 	]\\([ABCDGIRSTW][ABCDGIRSTW]*\\)[ 	][ 	]*\\([_A-Za-z][_A-Za-z0-9]*\\)\$/\\1 \\2 \\2/p'\''"'
lt_lt_cv_sys_global_symbol_to_c_name_address='"sed -n -e '\''s/^: \\([^ ]*\\) \$/  {\\\"\\1\\\", (lt_ptr) 0},/p'\'' -e '\''s/^[BCDEGRST] \\([^ ]*\\) \\([^ ]*\\)\$/  {\"\\2\", (lt_ptr) \\&\\2},/p'\''"'
lt_lt_cv_sys_global_symbol_to_cdecl='"sed -n -e '\''s/^. .* \\(.*\\)\$/extern int \\1;/p'\''"'

## ----------------- ##
## Output variables. ##
## ----------------- ##

ACLOCAL='${SHELL} /root/projects/falconos/compile-tmp/clish/aux_scripts/missing --run aclocal-1.9'
AMDEPBACKSLASH='\'
AMDEP_FALSE='#'
AMDEP_TRUE=''
AMTAR='${SHELL} /root/projects/falconos/compile-tmp/clish/aux_scripts/missing --run tar'
AR='ar'
AS='as'
AUTOCONF='${SHELL} /root/projects/falconos/compile-tmp/clish/aux_scripts/missing --run autoconf'
AUTOHEADER='${SHELL} /root/projects/falconos/compile-tmp/clish/aux_scripts/missing --run autoheader'
AUTOMAKE='${SHELL} /root/projects/falconos/compile-tmp/clish/aux_scripts/missing --run automake-1.9'
AWK='mawk'
BFD_LIBS=''
CC='gcc'
CCDEPMODE='depmode=gcc3'
CFLAGS='-g -O2'
CPP='gcc -E'
CPPFLAGS=''
CXX='g++'
CXXCPP='g++ -E'
CXXDEPMODE='depmode=gcc3'
CXXFLAGS='-g -O2'
CYGPATH_W='echo'
DEBUG_FALSE=''
DEBUG_TRUE='#'
DEFS='-DHAVE_CONFIG_H'
DEPDIR='.deps'
DLLTOOL='dlltool'
DSYMUTIL=''
ECHO='echo'
ECHO_C=''
ECHO_N='-n'
ECHO_T=''
EGREP='/usr/bin/grep -E'
EXEEXT=''
F77=''
FFLAGS=''
GREP='/usr/bin/grep'
INSTALL_DATA='${INSTALL} -m 644'
INSTALL_PROGRAM='${INSTALL}'
INSTALL_SCRIPT='${INSTALL}'
INSTALL_STRIP_PROGRAM='${SHELL} $(install_sh) -c -s'
LDFLAGS=''
LIBOBJS=''
LIBS=''
LIBTOOL='$(SHELL) $(top_builddir)/libtool'
LN_S='ln -s'
LTLIBOBJS=''
LUBHEAP_CFLAGS=''
LUBHEAP_FALSE=''
LUBHEAP_LIBS=''
LUBHEAP_TRUE='#'
LUB_CFLAGS=''
LUB_LIBS='-llub'
MAKEINFO='${SHELL} /root/projects/falconos/compile-tmp/clish/aux_scripts/missing --run makeinfo'
NMEDIT=''
OBJDUMP='objdump'
OBJEXT='o'
PACKAGE='clish'
PACKAGE_BUGREPORT='gmckerrell at users dot sourceforge dot net'
PACKAGE_NAME='clish'
PACKAGE_STRING='clish 0.7.3'
PACKAGE_TARNAME='clish'
PACKAGE_VERSION='0.7.3'
PATH_SEPARATOR=':'
PTHREAD_CFLAGS=''
PTHREAD_LIBS='-lpthread'
RANLIB='ranlib'
RT_CFLAGS=''
RT_LIBS='-lrt'
SED='/usr/bin/sed'
SET_MAKE=''
SHELL='/bin/bash'
STRIP='strip'
TCL_CFLAGS=''
TCL_LIBS=''
TCL_VERSION=''
TINYRL_CFLAGS=''
TINYRL_LIBS='-ltinyrl'
TINYXML_CXXFLAGS='-std=gnu++98'
TINYXML_LIBS='-ltinyxml'
VERSION='0.7.3'
ac_ct_CC='gcc'
ac_ct_CXX='g++'
ac_ct_F77=''
am__fastdepCC_FALSE='#'
am__fastdepCC_TRUE=''
am__fastdepCXX_FALSE='#'
am__fastdepCXX_TRUE=''
am__include='include'
am__leading_dot='.'
am__quote=''
am__tar='${AMTAR} chof - "$$tardir"'
am__untar='${AMTAR} xf -'
bindir='${exec_prefix}/bin'
build='x86_64-unknown-linux-gnu'
build_alias=''
build_cpu='x86_64'
build_os='linux-gnu'
build_vendor='unknown'
datadir='${datarootdir}'
datarootdir='${prefix}/share'
docdir='${datarootdir}/doc/${PACKAGE_TARNAME}'
dvidir='${docdir}'
exec_prefix='/usr/local'
host='x86_64-unknown-linux-gnu'
host_alias=''
host_cpu='x86_64'
host_os='linux-gnu'
host_vendor='unknown'
htmldir='${docdir}'
includedir='${prefix}/include'
infodir='${datarootdir}/info'
install_sh='/root/projects/falconos/compile-tmp/clish/aux_scripts/install-sh'
libdir='/usr/local/lib'
libexecdir='${exec_prefix}/libexec'
localedir='${datarootdir}/locale'
localstatedir='${prefix}/var'
mandir='${datarootdir}/man'
mkdir_p='mkdir -p --'
oldincludedir='/usr/include'
pdfdir='${docdir}'
prefix='/usr/local'
program_transform_name='s,x,x,'
psdir='${docdir}'
sbindir='${exec_prefix}/sbin'
sharedstatedir='${prefix}/com'
sysconfdir='${prefix}/etc'
target_alias=''

## ----------- ##
## confdefs.h. ##
## ----------- ##

#define PACKAGE_NAME "clish"
#define PACKAGE_TARNAME "clish"
#define PACKAGE_VERSION "0.7.3"
#define PACKAGE_STRING "clish 0.7.3"
#define PACKAGE_BUGREPORT "gmckerrell at users dot sourceforge dot net"
#define PACKAGE "clish"
#define VERSION "0.7.3"
#define STDC_HEADERS 1
#define HAVE_SYS_TYPES_H 1
#define HAVE_SYS_STAT_H 1
#define HAVE_STDLIB_H 1
#define HAVE_STRING_H 1
#define HAVE_MEMORY_H 1
#define HAVE_STRINGS_H 1
#define HAVE_INTTYPES_H 1
#define HAVE_STDINT_H 1
#define HAVE_UNISTD_H 1
#define HAVE_DLFCN_H 1
#define SIZEOF_INT 4
#define SIZEOF_LONG 8
#define SIZEOF_SIZE_T 8
#define HAVE_PTHREAD_H 1
#define HAVE_LIBPTHREAD
#define HAVE_LIBRT

configure: exit 0

## ---------------------- ##
## Running config.status. ##
## ---------------------- ##

This file was extended by clish config.status 0.7.3, which was
generated by GNU Autoconf 2.61.  Invocation command line was

  CONFIG_FILES    = 
  CONFIG_HEADERS  = 
  CONFIG_LINKS    = 
  CONFIG_COMMANDS = 
  $ ./config.status 

on mohsen-linux

config.status:685: creating Makefile
config.status:685: creating config.h
config.status:912: config.h is unchanged
config.status:958: executing depfiles commands

## ---------------------- ##
## Running config.status. ##
## ---------------------- ##

This file was extended by clish config.status 0.7.3, which was
generated by GNU Autoconf 2.61.  Invocation command line was

  CONFIG_FILES    = 
  CONFIG_HEADERS  = 
  CONFIG_LINKS    = 
  CONFIG_COMMANDS = 
  $ ./config.status config.h

on mohsen-linux

config.status:685: creating config.h
config.status:912: config.h is unchanged
